<?xml version="1.0" encoding="UTF-8"?>
<!-- Generated by org.testng.reporters.JUnitReportReporter -->
<testsuite hostname="E13KOLMR0008" failures="0" tests="1" name="contactUs.AE_TC_006_Test" time="9.810" errors="0" timestamp="2025-07-04T12:50:50 IST" skipped="0">
  <testcase classname="contactUs.AE_TC_006_Test" name="contactUsForm" time="9.810"/>
</testsuite> <!-- contactUs.AE_TC_006_Test -->
