<?xml version="1.0" encoding="UTF-8"?>
<!-- Generated by org.testng.reporters.JUnitReportReporter -->
<testsuite hostname="E13KOLMR0008" failures="0" tests="1" name="testCases.AE_TC_007_Test" time="1.279" errors="0" timestamp="2025-07-04T12:50:50 IST" skipped="0">
  <testcase classname="testCases.AE_TC_007_Test" name="verifyTestCasesPage" time="1.279"/>
</testsuite> <!-- testCases.AE_TC_007_Test -->
