<?xml version="1.0" encoding="UTF-8"?>
<!-- Generated by org.testng.reporters.JUnitReportReporter -->
<testsuite hostname="E13KOLMR0008" failures="0" tests="1" name="products.AE_TC_009_Test" time="6.588" errors="0" timestamp="2025-07-04T12:50:50 IST" skipped="0">
  <testcase classname="products.AE_TC_009_Test" name="searchProduct" time="6.588"/>
</testsuite> <!-- products.AE_TC_009_Test -->
