<?xml version="1.0" encoding="UTF-8"?>
<!-- Generated by org.testng.reporters.JUnitReportReporter -->
<testsuite hostname="E13KOLMR0008" failures="0" tests="1" name="home.AE_TC_010_Test" time="1.199" errors="0" timestamp="2025-07-04T12:50:50 IST" skipped="0">
  <testcase classname="home.AE_TC_010_Test" name="emailSubscription" time="1.199"/>
</testsuite> <!-- home.AE_TC_010_Test -->
