<?xml version="1.0" encoding="UTF-8"?>
<!-- Generated by org.testng.reporters.JUnitReportReporter -->
<testsuite hostname="E13KOLMR0008" failures="0" tests="1" name="testCases.AE_TC_007_Test" time="0.636" errors="0" timestamp="2025-07-03T01:35:43 IST" skipped="0">
  <testcase classname="testCases.AE_TC_007_Test" name="verifyTestCasesPage" time="0.636"/>
</testsuite> <!-- testCases.AE_TC_007_Test -->
