<?xml version="1.0" encoding="UTF-8"?>
<!-- Generated by org.testng.reporters.JUnitReportReporter -->
<testsuite hostname="E13KOLMR0008" failures="0" tests="1" name="products.AE_TC_008_Test" time="3.891" errors="0" timestamp="2025-07-03T02:56:32 IST" skipped="0">
  <testcase classname="products.AE_TC_008_Test" name="verifyProducts" time="3.891"/>
</testsuite> <!-- products.AE_TC_008_Test -->
